<?xml version="1.0" encoding="UTF-8"?>
<!-- Generated by org.testng.reporters.JUnitXMLReporter -->
<testsuite ignored="2" hostname="MacBook-Pro.local" failures="0" tests="1" name="VerifyUserRequestTest2" time="60.558" errors="0" timestamp="2022-05-17T09:41:58 CDT">
  <testcase classname="com.herokuapp.theinternet.FedrampAH" name="verifyUserRequest" time="50.208"/>
  <testcase classname="com.herokuapp.theinternet.FedrampAH" name="LoginPage" time="0.0">
    <ignored/>
  </testcase> <!-- LoginPage -->
  <testcase classname="com.herokuapp.theinternet.FedrampAH" name="verifyUserExists" time="0.0">
    <ignored/>
  </testcase> <!-- verifyUserExists -->
</testsuite> <!-- VerifyUserRequestTest2 -->
