<?xml version="1.0" encoding="UTF-8"?>
<!-- Generated by org.testng.reporters.JUnitXMLReporter -->
<testsuite ignored="2" hostname="MacBook-Pro.local" failures="0" tests="1" name="VerifyUserRequestTest" time="18.029" errors="0" timestamp="2022-05-24T11:02:28 CDT">
  <testcase classname="com.herokuapp.theinternet.FedrampAH" name="verifyUserRequest" time="10.199"/>
  <testcase classname="com.herokuapp.theinternet.FedrampAH" name="LoginPage" time="0.0">
    <ignored/>
  </testcase> <!-- LoginPage -->
  <testcase classname="com.herokuapp.theinternet.FedrampAH" name="verifyUserExists" time="0.0">
    <ignored/>
  </testcase> <!-- verifyUserExists -->
</testsuite> <!-- VerifyUserRequestTest -->
