<?xml version="1.0" encoding="UTF-8"?>
<!-- Generated by org.testng.reporters.JUnitXMLReporter -->
<testsuite ignored="1" hostname="MacBook-Pro.local" failures="0" tests="1" name="VerifyCbtApp" time="16.535" errors="0" timestamp="2022-05-27T15:36:45 CDT">
  <testcase classname="com.herokuapp.theinternet.FedrampAH" name="verifyCbtApp" time="7.071"/>
  <testcase classname="com.herokuapp.theinternet.FedrampAH" name="LoginPage" time="0.0">
    <ignored/>
  </testcase> <!-- LoginPage -->
</testsuite> <!-- VerifyCbtApp -->
