<?xml version="1.0" encoding="UTF-8"?>
<!-- Generated by org.testng.reporters.JUnitXMLReporter -->
<testsuite ignored="1" hostname="MacBook-Pro.local" failures="0" tests="1" name="CreateUserRequestTest" time="28.289" errors="0" timestamp="2022-04-25T15:59:42 CDT">
  <testcase classname="com.herokuapp.theinternet.FedrampAH" name="LoginPage" time="19.141"/>
  <testcase classname="com.herokuapp.theinternet.FedrampAH" name="verifyUserRequest" time="0.0">
    <ignored/>
  </testcase> <!-- verifyUserRequest -->
</testsuite> <!-- CreateUserRequestTest -->
