<?xml version="1.0" encoding="UTF-8"?>
<!-- Generated by org.testng.reporters.JUnitXMLReporter -->
<testsuite ignored="1" hostname="Pablos-MacBook-Pro.local" failures="0" tests="1" name="NegativeTests" time="5.848" errors="0" timestamp="2022-01-25T15:36:57 CST">
  <testcase classname="com.herokuapp.theinternet.NegativeTests" name="NegativePasswordTest" time="5.827"/>
  <testcase classname="com.herokuapp.theinternet.NegativeTests" name="NegativeUsernameTest" time="0.0">
    <ignored/>
  </testcase> <!-- NegativeUsernameTest -->
</testsuite> <!-- NegativeTests -->
