<?xml version="1.0" encoding="UTF-8"?>
<!-- Generated by org.testng.reporters.JUnitXMLReporter -->
<testsuite ignored="1" hostname="MacBook-Pro.local" failures="0" tests="1" name="VerifyUserRequestTest" time="19.875" errors="0" timestamp="2022-04-25T16:00:02 CDT">
  <testcase classname="com.herokuapp.theinternet.FedrampAH" name="verifyUserRequest" time="11.781"/>
  <testcase classname="com.herokuapp.theinternet.FedrampAH" name="LoginPage" time="0.0">
    <ignored/>
  </testcase> <!-- LoginPage -->
</testsuite> <!-- VerifyUserRequestTest -->
