<?xml version="1.0" encoding="UTF-8"?>
<testng-results ignored="0" total="1" passed="1" failed="0" skipped="0">
  <reporter-output>
  </reporter-output>
  <suite started-at="2022-08-11T10:16:24 CDT" name="CommercialTests" finished-at="2022-08-11T10:16:47 CDT" duration-ms="23098">
    <groups>
    </groups>
    <test started-at="2022-08-11T10:16:24 CDT" name="CreateUserRequestTest" finished-at="2022-08-11T10:16:47 CDT" duration-ms="23098">
      <class name="com.herokuapp.theinternet.commercialtests.CommercialTests">
        <test-method signature="commercialTests()[pri:0, instance:com.herokuapp.theinternet.commercialtests.CommercialTests@75329a49]" started-at="2022-08-11T10:16:24 CDT" name="commercialTests" finished-at="2022-08-11T10:16:47 CDT" duration-ms="23073" status="PASS">
          <reporter-output>
          </reporter-output>
        </test-method> <!-- commercialTests -->
      </class> <!-- com.herokuapp.theinternet.commercialtests.CommercialTests -->
    </test> <!-- CreateUserRequestTest -->
  </suite> <!-- CommercialTests -->
</testng-results>
